<?xml version="1.0" encoding="utf-8"?><testsuites name="pytest tests"><testsuite name="pytest" errors="0" failures="0" skipped="0" tests="17" time="9.928" timestamp="2026-04-07T17:18:08.411145+00:00" hostname="agent-env-b0136848-5cdb-477a-9d97-4ab43904047f"><testcase classname="backend.tests.test_seo_endpoints.TestPublicSEOEndpoint" name="test_public_seo_returns_200" time="0.268" /><testcase classname="backend.tests.test_seo_endpoints.TestPublicSEOEndpoint" name="test_public_seo_returns_dict_keyed_by_page_id" time="0.180" /><testcase classname="backend.tests.test_seo_endpoints.TestPublicSEOEndpoint" name="test_public_seo_has_different_data_per_page" time="0.122" /><testcase classname="backend.tests.test_seo_endpoints.TestPublicSEOEndpoint" name="test_public_seo_home_page_has_data" time="0.172" /><testcase classname="backend.tests.test_seo_endpoints.TestPublicSEOEndpoint" name="test_public_seo_e_konut_page_has_data" time="0.107" /><testcase classname="backend.tests.test_seo_endpoints.TestPublicSEOEndpoint" name="test_public_seo_mega_projects_page_has_data" time="0.142" /><testcase classname="backend.tests.test_seo_endpoints.TestPublicSEOEndpoint" name="test_public_seo_yatirim_fonu_page_has_data" time="0.108" /><testcase classname="backend.tests.test_seo_endpoints.TestAdminSEOEndpoint" name="test_admin_seo_requires_auth" time="0.106" /><testcase classname="backend.tests.test_seo_endpoints.TestAdminSEOEndpoint" name="test_admin_seo_returns_list_with_auth" time="0.535" /><testcase classname="backend.tests.test_seo_endpoints.TestAdminSEOEndpoint" name="test_admin_seo_returns_all_7_pages" time="0.133" /><testcase classname="backend.tests.test_seo_endpoints.TestAdminSEOEndpoint" name="test_admin_seo_each_page_has_required_fields" time="0.106" /><testcase classname="backend.tests.test_seo_endpoints.TestUpdateSEOEndpoint" name="test_update_seo_requires_auth" time="0.146" /><testcase classname="backend.tests.test_seo_endpoints.TestUpdateSEOEndpoint" name="test_update_seo_home_page" time="0.495" /><testcase classname="backend.tests.test_seo_endpoints.TestUpdateSEOEndpoint" name="test_update_seo_specific_page_only" time="0.500" /><testcase classname="backend.tests.test_seo_endpoints.TestAIGenerateSEOEndpoint" name="test_generate_seo_requires_auth" time="0.135" /><testcase classname="backend.tests.test_seo_endpoints.TestAIGenerateSEOEndpoint" name="test_generate_seo_returns_valid_json" time="6.311" /><testcase classname="backend.tests.test_seo_endpoints.TestSEODataIntegrity" name="test_public_and_admin_data_consistency" time="0.281" /></testsuite></testsuites>