<?xml version="1.0" encoding="utf-8"?><testsuites name="pytest tests"><testsuite name="pytest" errors="0" failures="0" skipped="0" tests="35" time="7.618" timestamp="2026-04-20T20:49:12.347643+00:00" hostname="agent-env-fbdd0666-5e40-46b0-9632-dbf97a80c2d4"><testcase classname="backend.tests.test_auth_user.TestUserRegistration" name="test_register_new_user_success" time="0.441" /><testcase classname="backend.tests.test_auth_user.TestUserRegistration" name="test_register_duplicate_email_returns_400" time="0.117" /><testcase classname="backend.tests.test_auth_user.TestUserRegistration" name="test_register_without_kvkk_validation_happens_at_frontend" time="0.344" /><testcase classname="backend.tests.test_auth_user.TestUserLogin" name="test_login_existing_user_success" time="0.331" /><testcase classname="backend.tests.test_auth_user.TestUserLogin" name="test_login_wrong_password_returns_401" time="0.339" /><testcase classname="backend.tests.test_auth_user.TestUserLogin" name="test_login_nonexistent_email_returns_401" time="0.163" /><testcase classname="backend.tests.test_auth_user.TestUserLogin" name="test_login_newly_registered_user" time="0.411" /><testcase classname="backend.tests.test_auth_user.TestSessionAndMe" name="test_get_me_with_valid_session" time="0.481" /><testcase classname="backend.tests.test_auth_user.TestSessionAndMe" name="test_get_me_without_token_returns_401" time="0.118" /><testcase classname="backend.tests.test_auth_user.TestLogout" name="test_logout_success" time="0.114" /><testcase classname="backend.tests.test_auth_user.TestAdminLogin" name="test_admin_login_success" time="0.338" /><testcase classname="backend.tests.test_modular_backend.TestAuth" name="test_admin_login_success" time="0.335" /><testcase classname="backend.tests.test_modular_backend.TestAuth" name="test_admin_login_wrong_password" time="0.349" /><testcase classname="backend.tests.test_modular_backend.TestAuth" name="test_user_login_success" time="0.345" /><testcase classname="backend.tests.test_modular_backend.TestAuth" name="test_user_login_wrong_password" time="0.338" /><testcase classname="backend.tests.test_modular_backend.TestProjects" name="test_get_projects" time="0.156" /><testcase classname="backend.tests.test_modular_backend.TestProjects" name="test_get_projects_response_structure" time="0.109" /><testcase classname="backend.tests.test_modular_backend.TestProjects" name="test_get_project_by_id" time="0.263" /><testcase classname="backend.tests.test_modular_backend.TestProjects" name="test_get_mega_projects" time="0.133" /><testcase classname="backend.tests.test_modular_backend.TestPublicContent" name="test_get_packages" time="0.114" /><testcase classname="backend.tests.test_modular_backend.TestPublicContent" name="test_get_education_courses" time="0.151" /><testcase classname="backend.tests.test_modular_backend.TestPublicContent" name="test_get_opportunities" time="0.110" /><testcase classname="backend.tests.test_modular_backend.TestPublicContent" name="test_get_live_streams" time="0.116" /><testcase classname="backend.tests.test_modular_backend.TestPublicContent" name="test_get_land_parcels" time="0.117" /><testcase classname="backend.tests.test_modular_backend.TestAdminEndpoints" name="test_admin_stats" time="0.603" /><testcase classname="backend.tests.test_modular_backend.TestAdminEndpoints" name="test_admin_app_users" time="0.048" /><testcase classname="backend.tests.test_modular_backend.TestAdminEndpoints" name="test_admin_stats_without_token" time="0.113" /><testcase classname="backend.tests.test_modular_backend.TestAdminEndpoints" name="test_admin_app_users_without_token" time="0.137" /><testcase classname="backend.tests.test_modular_backend.TestAdditionalEndpoints" name="test_get_market_data" time="0.133" /><testcase classname="backend.tests.test_modular_backend.TestAdditionalEndpoints" name="test_get_education_live" time="0.106" /><testcase classname="backend.tests.test_modular_backend.TestAdditionalEndpoints" name="test_get_community_posts" time="0.117" /><testcase classname="backend.tests.test_modular_backend.TestAdditionalEndpoints" name="test_get_seo_public" time="0.112" /><testcase classname="backend.tests.test_modular_backend.TestAdditionalEndpoints" name="test_get_supervision_events" time="0.125" /><testcase classname="backend.tests.test_modular_backend.TestAdditionalEndpoints" name="test_toki_compat_endpoint" time="0.107" /><testcase classname="backend.tests.test_modular_backend.TestAdditionalEndpoints" name="test_shared_facilities" time="0.117" /></testsuite></testsuites>