<?xml version="1.0" encoding="utf-8"?><testsuites name="pytest tests"><testsuite name="pytest" errors="0" failures="0" skipped="0" tests="29" time="5.237" timestamp="2026-04-09T14:40:07.159941+00:00" hostname="agent-env-dad54959-2026-4023-aa81-1b98b4f04608"><testcase classname="backend.tests.test_panel_manager.TestAdminAuth" name="test_admin_login_success" time="0.524" /><testcase classname="backend.tests.test_panel_manager.TestAdminAuth" name="test_admin_login_wrong_password" time="0.373" /><testcase classname="backend.tests.test_panel_manager.TestAdminAuth" name="test_unauthenticated_live_streams" time="0.122" /><testcase classname="backend.tests.test_panel_manager.TestAdminAuth" name="test_unauthenticated_panel_stats" time="0.148" /><testcase classname="backend.tests.test_panel_manager.TestPanelStats" name="test_panel_stats_structure" time="0.479" /><testcase classname="backend.tests.test_panel_manager.TestLiveStreams" name="test_get_live_streams" time="0.137" /><testcase classname="backend.tests.test_panel_manager.TestLiveStreams" name="test_create_live_stream" time="0.168" /><testcase classname="backend.tests.test_panel_manager.TestLiveStreams" name="test_get_live_streams_after_create" time="0.120" /><testcase classname="backend.tests.test_panel_manager.TestLiveStreams" name="test_update_live_stream" time="0.176" /><testcase classname="backend.tests.test_panel_manager.TestLiveStreams" name="test_get_live_streams_after_update" time="0.154" /><testcase classname="backend.tests.test_panel_manager.TestLiveStreams" name="test_delete_live_stream" time="0.128" /><testcase classname="backend.tests.test_panel_manager.TestLiveStreams" name="test_get_live_streams_after_delete" time="0.122" /><testcase classname="backend.tests.test_panel_manager.TestSupervision" name="test_get_supervision" time="0.106" /><testcase classname="backend.tests.test_panel_manager.TestSupervision" name="test_create_supervision" time="0.107" /><testcase classname="backend.tests.test_panel_manager.TestSupervision" name="test_get_supervision_after_create" time="0.186" /><testcase classname="backend.tests.test_panel_manager.TestSupervision" name="test_update_supervision" time="0.168" /><testcase classname="backend.tests.test_panel_manager.TestSupervision" name="test_get_supervision_after_update" time="0.107" /><testcase classname="backend.tests.test_panel_manager.TestSupervision" name="test_delete_supervision" time="0.117" /><testcase classname="backend.tests.test_panel_manager.TestSupervision" name="test_get_supervision_after_delete" time="0.117" /><testcase classname="backend.tests.test_panel_manager.TestExams" name="test_get_exams" time="0.131" /><testcase classname="backend.tests.test_panel_manager.TestExams" name="test_create_exam_with_questions" time="0.108" /><testcase classname="backend.tests.test_panel_manager.TestExams" name="test_get_exams_after_create" time="0.114" /><testcase classname="backend.tests.test_panel_manager.TestExams" name="test_update_exam" time="0.172" /><testcase classname="backend.tests.test_panel_manager.TestExams" name="test_get_exams_after_update" time="0.105" /><testcase classname="backend.tests.test_panel_manager.TestExams" name="test_delete_exam" time="0.112" /><testcase classname="backend.tests.test_panel_manager.TestExams" name="test_get_exams_after_delete" time="0.109" /><testcase classname="backend.tests.test_panel_manager.TestUserPanelDataVisibility" name="test_create_and_verify_stream_in_user_panel" time="0.224" /><testcase classname="backend.tests.test_panel_manager.TestUserPanelDataVisibility" name="test_create_and_verify_supervision_in_user_panel" time="0.246" /><testcase classname="backend.tests.test_panel_manager.TestUserPanelDataVisibility" name="test_cleanup_visibility_test_data" time="0.267" /></testsuite></testsuites>