<?xml version="1.0" encoding="utf-8"?><testsuites name="pytest tests"><testsuite name="pytest" errors="0" failures="0" skipped="0" tests="21" time="5.189" timestamp="2026-03-04T01:19:25.260734+00:00" hostname="agent-env-0f265265-6ee5-408f-9ce6-6a76b61e7b14"><testcase classname="backend.tests.test_proptech_admin.TestAdminAuth" name="test_login_success" time="0.553" /><testcase classname="backend.tests.test_proptech_admin.TestAdminAuth" name="test_login_invalid_credentials" time="0.117" /><testcase classname="backend.tests.test_proptech_admin.TestAdminAuth" name="test_get_me_with_valid_token" time="0.471" /><testcase classname="backend.tests.test_proptech_admin.TestProjectCRUD" name="test_create_project" time="0.621" /><testcase classname="backend.tests.test_proptech_admin.TestProjectCRUD" name="test_get_projects_list" time="0.238" /><testcase classname="backend.tests.test_proptech_admin.TestProjectCRUD" name="test_get_single_project" time="0.108" /><testcase classname="backend.tests.test_proptech_admin.TestProjectCRUD" name="test_update_project" time="0.227" /><testcase classname="backend.tests.test_proptech_admin.TestProjectCRUD" name="test_delete_project" time="0.326" /><testcase classname="backend.tests.test_proptech_admin.TestAdaParsel" name="test_create_ada" time="0.116" /><testcase classname="backend.tests.test_proptech_admin.TestAdaParsel" name="test_get_adas" time="0.121" /><testcase classname="backend.tests.test_proptech_admin.TestAdaParsel" name="test_create_parsel" time="0.235" /><testcase classname="backend.tests.test_proptech_admin.TestAdaParsel" name="test_get_parsels" time="0.169" /><testcase classname="backend.tests.test_proptech_admin.TestAdaParsel" name="test_delete_ada_cascades" time="0.352" /><testcase classname="backend.tests.test_proptech_admin.TestExcelImport" name="test_download_excel_template" time="0.344" /><testcase classname="backend.tests.test_proptech_admin.TestVideoManagement" name="test_add_youtube_video" time="0.315" /><testcase classname="backend.tests.test_proptech_admin.TestTOKIEndpoints" name="test_get_toki_projects" time="0.117" /><testcase classname="backend.tests.test_proptech_admin.TestMediaEndpoints" name="test_get_project_media" time="0.125" /><testcase classname="backend.tests.test_proptech_admin.TestMediaEndpoints" name="test_get_project_documents" time="0.117" /><testcase classname="backend.tests.test_proptech_admin.TestMediaEndpoints" name="test_get_map_layers" time="0.107" /><testcase classname="backend.tests.test_proptech_admin.TestUnauthorizedAccess" name="test_create_project_without_auth" time="0.102" /><testcase classname="backend.tests.test_proptech_admin.TestUnauthorizedAccess" name="test_delete_project_without_auth" time="0.232" /></testsuite></testsuites>