<?xml version="1.0" encoding="utf-8"?><testsuites name="pytest tests"><testsuite name="pytest" errors="0" failures="0" skipped="0" tests="12" time="4.105" timestamp="2026-03-04T01:53:52.753302+00:00" hostname="agent-env-0f265265-6ee5-408f-9ce6-6a76b61e7b14"><testcase classname="backend.tests.test_project_excel_import.TestProjectExcelTemplate" name="test_template_download_success" time="0.864" /><testcase classname="backend.tests.test_project_excel_import.TestProjectExcelTemplate" name="test_template_filename" time="0.154" /><testcase classname="backend.tests.test_project_excel_import.TestProjectExcelTemplate" name="test_template_is_valid_excel" time="0.296" /><testcase classname="backend.tests.test_project_excel_import.TestProjectExcelImport" name="test_import_requires_auth" time="0.157" /><testcase classname="backend.tests.test_project_excel_import.TestProjectExcelImport" name="test_import_rejects_invalid_file_type" time="0.122" /><testcase classname="backend.tests.test_project_excel_import.TestProjectExcelImport" name="test_import_single_valid_project" time="0.235" /><testcase classname="backend.tests.test_project_excel_import.TestProjectExcelImport" name="test_import_multiple_projects" time="0.124" /><testcase classname="backend.tests.test_project_excel_import.TestProjectExcelImport" name="test_import_handles_missing_proje_adi" time="0.108" /><testcase classname="backend.tests.test_project_excel_import.TestProjectExcelImport" name="test_import_handles_missing_il" time="0.134" /><testcase classname="backend.tests.test_project_excel_import.TestProjectExcelImport" name="test_import_mixed_valid_invalid_rows" time="0.170" /><testcase classname="backend.tests.test_project_excel_import.TestProjectExcelImport" name="test_import_csv_file" time="0.158" /><testcase classname="backend.tests.test_project_excel_import.TestProjectExcelImport" name="test_import_preserves_all_fields" time="1.506" /></testsuite></testsuites>