<?xml version="1.0" encoding="utf-8"?><testsuites name="pytest tests"><testsuite name="pytest" errors="0" failures="0" skipped="0" tests="39" time="5.740" timestamp="2026-03-04T01:35:00.518217+00:00" hostname="agent-env-0f265265-6ee5-408f-9ce6-6a76b61e7b14"><testcase classname="tests.test_admin_modules.TestAdminAuth" name="test_admin_login_success" time="0.551" /><testcase classname="tests.test_admin_modules.TestAdminAuth" name="test_admin_login_invalid_credentials" time="0.116" /><testcase classname="tests.test_admin_modules.TestAdminAuth" name="test_admin_me_endpoint" time="0.551" /><testcase classname="tests.test_admin_modules.TestAdminStats" name="test_get_admin_stats" time="0.164" /><testcase classname="tests.test_admin_modules.TestAdminStats" name="test_stats_requires_auth" time="0.139" /><testcase classname="tests.test_admin_modules.TestLandParcels" name="test_create_land_parcel" time="0.133" /><testcase classname="tests.test_admin_modules.TestLandParcels" name="test_get_land_parcels" time="0.118" /><testcase classname="tests.test_admin_modules.TestLandParcels" name="test_get_land_parcels_with_filter" time="0.128" /><testcase classname="tests.test_admin_modules.TestLandParcels" name="test_delete_land_parcel" time="0.123" /><testcase classname="tests.test_admin_modules.TestMegaProjects" name="test_create_mega_project" time="0.111" /><testcase classname="tests.test_admin_modules.TestMegaProjects" name="test_get_mega_projects" time="0.105" /><testcase classname="tests.test_admin_modules.TestMegaProjects" name="test_update_mega_project" time="0.135" /><testcase classname="tests.test_admin_modules.TestMegaProjects" name="test_delete_mega_project" time="0.135" /><testcase classname="tests.test_admin_modules.TestCourses" name="test_create_course" time="0.105" /><testcase classname="tests.test_admin_modules.TestCourses" name="test_get_courses" time="0.144" /><testcase classname="tests.test_admin_modules.TestCourses" name="test_delete_course" time="0.112" /><testcase classname="tests.test_admin_modules.TestSeminars" name="test_create_seminar" time="0.124" /><testcase classname="tests.test_admin_modules.TestSeminars" name="test_get_seminars" time="0.122" /><testcase classname="tests.test_admin_modules.TestSeminars" name="test_delete_seminar" time="0.115" /><testcase classname="tests.test_admin_modules.TestCommunityPosts" name="test_create_community_post" time="0.126" /><testcase classname="tests.test_admin_modules.TestCommunityPosts" name="test_get_community_posts" time="0.106" /><testcase classname="tests.test_admin_modules.TestCommunityPosts" name="test_get_posts_by_category" time="0.124" /><testcase classname="tests.test_admin_modules.TestCommunityPosts" name="test_admin_delete_post" time="0.114" /><testcase classname="tests.test_admin_modules.TestLandOpportunities" name="test_create_opportunity" time="0.111" /><testcase classname="tests.test_admin_modules.TestLandOpportunities" name="test_get_opportunities" time="0.120" /><testcase classname="tests.test_admin_modules.TestLandOpportunities" name="test_delete_opportunity" time="0.122" /><testcase classname="tests.test_admin_modules.TestMarketData" name="test_create_market_data" time="0.116" /><testcase classname="tests.test_admin_modules.TestMarketData" name="test_get_market_data" time="0.109" /><testcase classname="tests.test_admin_modules.TestMarketData" name="test_get_market_data_with_city_filter" time="0.189" /><testcase classname="tests.test_admin_modules.TestMarketData" name="test_delete_market_data" time="0.114" /><testcase classname="tests.test_admin_modules.TestTOKIProjects" name="test_create_project" time="0.120" /><testcase classname="tests.test_admin_modules.TestTOKIProjects" name="test_get_projects" time="0.112" /><testcase classname="tests.test_admin_modules.TestTOKIProjects" name="test_project_appears_in_mega_projects" time="0.132" /><testcase classname="tests.test_admin_modules.TestTOKIProjects" name="test_delete_project" time="0.105" /><testcase classname="tests.test_admin_modules.TestUnauthorizedAccess" name="test_create_land_parcel_no_auth" time="0.124" /><testcase classname="tests.test_admin_modules.TestUnauthorizedAccess" name="test_create_mega_project_no_auth" time="0.107" /><testcase classname="tests.test_admin_modules.TestUnauthorizedAccess" name="test_create_course_no_auth" time="0.104" /><testcase classname="tests.test_admin_modules.TestUnauthorizedAccess" name="test_create_opportunity_no_auth" time="0.110" /><testcase classname="tests.test_admin_modules.TestUnauthorizedAccess" name="test_create_market_data_no_auth" time="0.143" /></testsuite></testsuites>