<?xml version="1.0" encoding="utf-8"?><testsuites name="pytest tests"><testsuite name="pytest" errors="0" failures="0" skipped="0" tests="23" time="3.098" timestamp="2026-04-10T13:30:48.246132+00:00" hostname="agent-env-5da9feeb-993b-4229-b7d6-92be0df99e63"><testcase classname="backend.tests.test_packages_and_profile.TestPackagesEndpoint" name="test_packages_returns_200" time="0.329" /><testcase classname="backend.tests.test_packages_and_profile.TestPackagesEndpoint" name="test_packages_returns_list" time="0.153" /><testcase classname="backend.tests.test_packages_and_profile.TestPackagesEndpoint" name="test_packages_returns_4_packages" time="0.148" /><testcase classname="backend.tests.test_packages_and_profile.TestPackagesEndpoint" name="test_packages_have_required_ids" time="0.155" /><testcase classname="backend.tests.test_packages_and_profile.TestPackagesEndpoint" name="test_packages_have_required_fields" time="0.114" /><testcase classname="backend.tests.test_packages_and_profile.TestPackagesEndpoint" name="test_free_package_price_is_zero" time="0.134" /><testcase classname="backend.tests.test_packages_and_profile.TestPackagesEndpoint" name="test_paid_packages_have_prices" time="0.121" /><testcase classname="backend.tests.test_packages_and_profile.TestPackagesEndpoint" name="test_pro_package_is_popular" time="0.151" /><testcase classname="backend.tests.test_packages_and_profile.TestPackagesEndpoint" name="test_packages_have_features" time="0.109" /><testcase classname="backend.tests.test_packages_and_profile.TestPackagesEndpoint" name="test_packages_colors_correct" time="0.110" /><testcase classname="backend.tests.test_packages_and_profile.TestUserProfileGet" name="test_profile_without_auth_returns_401" time="0.108" /><testcase classname="backend.tests.test_packages_and_profile.TestUserProfileGet" name="test_profile_with_auth_returns_200" time="0.399" /><testcase classname="backend.tests.test_packages_and_profile.TestUserProfileGet" name="test_profile_has_required_fields" time="0.049" /><testcase classname="backend.tests.test_packages_and_profile.TestUserProfileGet" name="test_profile_email_matches_login" time="0.065" /><testcase classname="backend.tests.test_packages_and_profile.TestUserProfileGet" name="test_profile_plan_is_valid" time="0.055" /><testcase classname="backend.tests.test_packages_and_profile.TestUserProfileGet" name="test_profile_no_password_in_response" time="0.049" /><testcase classname="backend.tests.test_packages_and_profile.TestUserProfileUpdate" name="test_update_profile_without_auth_returns_401" time="0.119" /><testcase classname="backend.tests.test_packages_and_profile.TestUserProfileUpdate" name="test_update_profile_full_name" time="0.103" /><testcase classname="backend.tests.test_packages_and_profile.TestUserProfileUpdate" name="test_update_profile_phone" time="0.098" /><testcase classname="backend.tests.test_packages_and_profile.TestUserProfileUpdate" name="test_update_profile_avatar_color" time="0.149" /><testcase classname="backend.tests.test_packages_and_profile.TestUserProfileUpdate" name="test_update_profile_persisted_via_get" time="0.146" /><testcase classname="backend.tests.test_packages_and_profile.TestUserProfileUpdate" name="test_update_profile_empty_name_rejected" time="0.106" /><testcase classname="backend.tests.test_packages_and_profile.TestUserProfileUpdate" name="test_update_profile_response_has_required_fields" time="0.047" /></testsuite></testsuites>