<?xml version="1.0" encoding="utf-8"?><testsuites name="pytest tests"><testsuite name="pytest" errors="0" failures="0" skipped="0" tests="35" time="7.651" timestamp="2026-04-15T15:48:31.788014+00:00" hostname="agent-env-fbdd0666-5e40-46b0-9632-dbf97a80c2d4"><testcase classname="backend.tests.test_auth_user.TestUserRegistration" name="test_register_new_user_success" time="0.448" /><testcase classname="backend.tests.test_auth_user.TestUserRegistration" name="test_register_duplicate_email_returns_400" time="0.140" /><testcase classname="backend.tests.test_auth_user.TestUserRegistration" name="test_register_without_kvkk_validation_happens_at_frontend" time="0.326" /><testcase classname="backend.tests.test_auth_user.TestUserLogin" name="test_login_existing_user_success" time="0.347" /><testcase classname="backend.tests.test_auth_user.TestUserLogin" name="test_login_wrong_password_returns_401" time="0.365" /><testcase classname="backend.tests.test_auth_user.TestUserLogin" name="test_login_nonexistent_email_returns_401" time="0.153" /><testcase classname="backend.tests.test_auth_user.TestUserLogin" name="test_login_newly_registered_user" time="0.342" /><testcase classname="backend.tests.test_auth_user.TestSessionAndMe" name="test_get_me_with_valid_session" time="0.480" /><testcase classname="backend.tests.test_auth_user.TestSessionAndMe" name="test_get_me_without_token_returns_401" time="0.127" /><testcase classname="backend.tests.test_auth_user.TestLogout" name="test_logout_success" time="0.119" /><testcase classname="backend.tests.test_auth_user.TestAdminLogin" name="test_admin_login_success" time="0.340" /><testcase classname="backend.tests.test_modular_backend.TestAuth" name="test_admin_login_success" time="0.355" /><testcase classname="backend.tests.test_modular_backend.TestAuth" name="test_admin_login_wrong_password" time="0.365" /><testcase classname="backend.tests.test_modular_backend.TestAuth" name="test_user_login_success" time="0.330" /><testcase classname="backend.tests.test_modular_backend.TestAuth" name="test_user_login_wrong_password" time="0.364" /><testcase classname="backend.tests.test_modular_backend.TestProjects" name="test_get_projects" time="0.136" /><testcase classname="backend.tests.test_modular_backend.TestProjects" name="test_get_projects_response_structure" time="0.159" /><testcase classname="backend.tests.test_modular_backend.TestProjects" name="test_get_project_by_id" time="0.283" /><testcase classname="backend.tests.test_modular_backend.TestProjects" name="test_get_mega_projects" time="0.115" /><testcase classname="backend.tests.test_modular_backend.TestPublicContent" name="test_get_packages" time="0.105" /><testcase classname="backend.tests.test_modular_backend.TestPublicContent" name="test_get_education_courses" time="0.120" /><testcase classname="backend.tests.test_modular_backend.TestPublicContent" name="test_get_opportunities" time="0.110" /><testcase classname="backend.tests.test_modular_backend.TestPublicContent" name="test_get_live_streams" time="0.109" /><testcase classname="backend.tests.test_modular_backend.TestPublicContent" name="test_get_land_parcels" time="0.131" /><testcase classname="backend.tests.test_modular_backend.TestAdminEndpoints" name="test_admin_stats" time="0.496" /><testcase classname="backend.tests.test_modular_backend.TestAdminEndpoints" name="test_admin_app_users" time="0.051" /><testcase classname="backend.tests.test_modular_backend.TestAdminEndpoints" name="test_admin_stats_without_token" time="0.131" /><testcase classname="backend.tests.test_modular_backend.TestAdminEndpoints" name="test_admin_app_users_without_token" time="0.137" /><testcase classname="backend.tests.test_modular_backend.TestAdditionalEndpoints" name="test_get_market_data" time="0.116" /><testcase classname="backend.tests.test_modular_backend.TestAdditionalEndpoints" name="test_get_education_live" time="0.121" /><testcase classname="backend.tests.test_modular_backend.TestAdditionalEndpoints" name="test_get_community_posts" time="0.123" /><testcase classname="backend.tests.test_modular_backend.TestAdditionalEndpoints" name="test_get_seo_public" time="0.117" /><testcase classname="backend.tests.test_modular_backend.TestAdditionalEndpoints" name="test_get_supervision_events" time="0.133" /><testcase classname="backend.tests.test_modular_backend.TestAdditionalEndpoints" name="test_toki_compat_endpoint" time="0.132" /><testcase classname="backend.tests.test_modular_backend.TestAdditionalEndpoints" name="test_shared_facilities" time="0.160" /></testsuite></testsuites>