<?xml version="1.0" encoding="utf-8"?><testsuites name="pytest tests"><testsuite name="pytest" errors="0" failures="0" skipped="0" tests="23" time="4.568" timestamp="2026-03-04T03:15:47.233785+00:00" hostname="agent-env-16307ea0-79de-4e0c-bf09-641a9432e73d"><testcase classname="backend.tests.test_admin_users.TestAdminUsersListAndGet" name="test_list_users_returns_200" time="0.597" /><testcase classname="backend.tests.test_admin_users.TestAdminUsersListAndGet" name="test_list_users_unauthenticated" time="0.119" /><testcase classname="backend.tests.test_admin_users.TestAdminUsersListAndGet" name="test_search_by_email" time="0.137" /><testcase classname="backend.tests.test_admin_users.TestAdminUsersListAndGet" name="test_filter_by_role" time="0.141" /><testcase classname="backend.tests.test_admin_users.TestAdminUsersListAndGet" name="test_get_single_user" time="0.317" /><testcase classname="backend.tests.test_admin_users.TestAdminUsersListAndGet" name="test_get_nonexistent_user" time="0.110" /><testcase classname="backend.tests.test_admin_users.TestAdminUserUpdate" name="test_update_full_name" time="0.259" /><testcase classname="backend.tests.test_admin_users.TestAdminUserUpdate" name="test_update_role" time="0.165" /><testcase classname="backend.tests.test_admin_users.TestAdminUserStatus" name="test_set_passive_status" time="0.229" /><testcase classname="backend.tests.test_admin_users.TestAdminUserStatus" name="test_set_banned_status" time="0.133" /><testcase classname="backend.tests.test_admin_users.TestAdminUserStatus" name="test_set_active_status" time="0.118" /><testcase classname="backend.tests.test_admin_users.TestAdminUserStatus" name="test_invalid_status" time="0.115" /><testcase classname="backend.tests.test_admin_users.TestAdminUserMembership" name="test_update_membership_plan" time="0.106" /><testcase classname="backend.tests.test_admin_users.TestAdminUserMembership" name="test_extend_membership" time="0.118" /><testcase classname="backend.tests.test_admin_users.TestAdminUserMembership" name="test_reset_membership" time="0.110" /><testcase classname="backend.tests.test_admin_users.TestAdminUserPermissions" name="test_update_permissions" time="0.220" /><testcase classname="backend.tests.test_admin_users.TestAdminUserNote" name="test_save_note" time="0.694" /><testcase classname="backend.tests.test_admin_users.TestAdminUserNote" name="test_clear_note" time="0.136" /><testcase classname="backend.tests.test_admin_users.TestAdminUserActivity" name="test_get_activity_logs" time="0.105" /><testcase classname="backend.tests.test_admin_users.TestAdminUserActivity" name="test_activity_pagination" time="0.118" /><testcase classname="backend.tests.test_admin_users.TestAdminUserEndSessions" name="test_end_sessions" time="0.140" /><testcase classname="backend.tests.test_admin_users.TestAdminUserFilters" name="test_filter_by_status" time="0.183" /><testcase classname="backend.tests.test_admin_users.TestAdminUserFilters" name="test_pagination" time="0.108" /></testsuite></testsuites>