<?xml version="1.0" encoding="utf-8"?><testsuites name="pytest tests"><testsuite name="pytest" errors="0" failures="0" skipped="0" tests="20" time="3.134" timestamp="2026-04-09T13:55:46.766914+00:00" hostname="agent-env-dad54959-2026-4023-aa81-1b98b4f04608"><testcase classname="backend.tests.test_user_panel.TestUserAuth" name="test_user_login_success" time="0.499" /><testcase classname="backend.tests.test_user_panel.TestUserAuth" name="test_user_login_wrong_password" time="0.327" /><testcase classname="backend.tests.test_user_panel.TestUserAuth" name="test_user_login_wrong_email" time="0.160" /><testcase classname="backend.tests.test_user_panel.TestPublicEndpoints" name="test_live_streams_returns_data" time="0.104" /><testcase classname="backend.tests.test_user_panel.TestPublicEndpoints" name="test_live_streams_status_values" time="0.178" /><testcase classname="backend.tests.test_user_panel.TestPublicEndpoints" name="test_supervision_events_returns_data" time="0.119" /><testcase classname="backend.tests.test_user_panel.TestPublicEndpoints" name="test_supervision_events_status_values" time="0.120" /><testcase classname="backend.tests.test_user_panel.TestProtectedEndpoints" name="test_user_progress_without_auth_returns_401" time="0.164" /><testcase classname="backend.tests.test_user_panel.TestProtectedEndpoints" name="test_user_files_without_auth_returns_401" time="0.119" /><testcase classname="backend.tests.test_user_panel.TestProtectedEndpoints" name="test_user_payments_without_auth_returns_401" time="0.110" /><testcase classname="backend.tests.test_user_panel.TestProtectedEndpoints" name="test_user_contracts_without_auth_returns_401" time="0.103" /><testcase classname="backend.tests.test_user_panel.TestProtectedEndpoints" name="test_user_exams_without_auth_returns_401" time="0.120" /><testcase classname="backend.tests.test_user_panel.TestAuthenticatedEndpoints" name="test_user_progress_with_auth" time="0.447" /><testcase classname="backend.tests.test_user_panel.TestAuthenticatedEndpoints" name="test_user_files_with_auth" time="0.054" /><testcase classname="backend.tests.test_user_panel.TestAuthenticatedEndpoints" name="test_user_payments_with_auth" time="0.049" /><testcase classname="backend.tests.test_user_panel.TestAuthenticatedEndpoints" name="test_user_contracts_with_auth" time="0.047" /><testcase classname="backend.tests.test_user_panel.TestAuthenticatedEndpoints" name="test_user_exams_with_auth" time="0.049" /><testcase classname="backend.tests.test_user_panel.TestAuthenticatedEndpoints" name="test_exam_submit_with_auth" time="0.129" /><testcase classname="backend.tests.test_user_panel.TestAuthenticatedEndpoints" name="test_exam_submit_correct_answers" time="0.100" /><testcase classname="backend.tests.test_user_panel.TestAuthenticatedEndpoints" name="test_logout" time="0.046" /></testsuite></testsuites>