<?xml version="1.0" encoding="utf-8"?><testsuites name="pytest tests"><testsuite name="pytest" errors="0" failures="0" skipped="0" tests="24" time="4.221" timestamp="2026-04-13T12:49:08.431251+00:00" hostname="agent-env-23d1d86e-5a88-4a28-8344-c5c2a1c6ec2c"><testcase classname="backend.tests.test_modular_backend.TestAuth" name="test_admin_login_success" time="0.391" /><testcase classname="backend.tests.test_modular_backend.TestAuth" name="test_admin_login_wrong_password" time="0.326" /><testcase classname="backend.tests.test_modular_backend.TestAuth" name="test_user_login_success" time="0.355" /><testcase classname="backend.tests.test_modular_backend.TestAuth" name="test_user_login_wrong_password" time="0.332" /><testcase classname="backend.tests.test_modular_backend.TestProjects" name="test_get_projects" time="0.132" /><testcase classname="backend.tests.test_modular_backend.TestProjects" name="test_get_projects_response_structure" time="0.123" /><testcase classname="backend.tests.test_modular_backend.TestProjects" name="test_get_project_by_id" time="0.218" /><testcase classname="backend.tests.test_modular_backend.TestProjects" name="test_get_mega_projects" time="0.103" /><testcase classname="backend.tests.test_modular_backend.TestPublicContent" name="test_get_packages" time="0.127" /><testcase classname="backend.tests.test_modular_backend.TestPublicContent" name="test_get_education_courses" time="0.119" /><testcase classname="backend.tests.test_modular_backend.TestPublicContent" name="test_get_opportunities" time="0.100" /><testcase classname="backend.tests.test_modular_backend.TestPublicContent" name="test_get_live_streams" time="0.117" /><testcase classname="backend.tests.test_modular_backend.TestPublicContent" name="test_get_land_parcels" time="0.121" /><testcase classname="backend.tests.test_modular_backend.TestAdminEndpoints" name="test_admin_stats" time="0.503" /><testcase classname="backend.tests.test_modular_backend.TestAdminEndpoints" name="test_admin_app_users" time="0.046" /><testcase classname="backend.tests.test_modular_backend.TestAdminEndpoints" name="test_admin_stats_without_token" time="0.105" /><testcase classname="backend.tests.test_modular_backend.TestAdminEndpoints" name="test_admin_app_users_without_token" time="0.117" /><testcase classname="backend.tests.test_modular_backend.TestAdditionalEndpoints" name="test_get_market_data" time="0.135" /><testcase classname="backend.tests.test_modular_backend.TestAdditionalEndpoints" name="test_get_education_live" time="0.111" /><testcase classname="backend.tests.test_modular_backend.TestAdditionalEndpoints" name="test_get_community_posts" time="0.111" /><testcase classname="backend.tests.test_modular_backend.TestAdditionalEndpoints" name="test_get_seo_public" time="0.121" /><testcase classname="backend.tests.test_modular_backend.TestAdditionalEndpoints" name="test_get_supervision_events" time="0.120" /><testcase classname="backend.tests.test_modular_backend.TestAdditionalEndpoints" name="test_toki_compat_endpoint" time="0.116" /><testcase classname="backend.tests.test_modular_backend.TestAdditionalEndpoints" name="test_shared_facilities" time="0.113" /></testsuite></testsuites>