<?xml version="1.0" encoding="utf-8"?><testsuites name="pytest tests"><testsuite name="pytest" errors="0" failures="0" skipped="0" tests="37" time="5.105" timestamp="2026-04-09T21:12:32.269348+00:00" hostname="agent-env-5da9feeb-993b-4229-b7d6-92be0df99e63"><testcase classname="backend.tests.test_mrxakademi.TestAcademyStats" name="test_academy_stats_authenticated" time="0.536" /><testcase classname="backend.tests.test_mrxakademi.TestAcademyStats" name="test_academy_stats_structure" time="0.147" /><testcase classname="backend.tests.test_mrxakademi.TestAcademyStats" name="test_academy_stats_values_are_integers" time="0.112" /><testcase classname="backend.tests.test_mrxakademi.TestAcademyStats" name="test_academy_stats_no_auth" time="0.123" /><testcase classname="backend.tests.test_mrxakademi.TestAcademyStats" name="test_academy_stats_students_count" time="0.107" /><testcase classname="backend.tests.test_mrxakademi.TestStudents" name="test_get_students_authenticated" time="0.126" /><testcase classname="backend.tests.test_mrxakademi.TestStudents" name="test_get_students_returns_list" time="0.126" /><testcase classname="backend.tests.test_mrxakademi.TestStudents" name="test_get_students_has_expected_count" time="0.109" /><testcase classname="backend.tests.test_mrxakademi.TestStudents" name="test_get_students_structure" time="0.125" /><testcase classname="backend.tests.test_mrxakademi.TestStudents" name="test_get_students_no_password_field" time="0.208" /><testcase classname="backend.tests.test_mrxakademi.TestStudents" name="test_get_student_detail" time="0.236" /><testcase classname="backend.tests.test_mrxakademi.TestStudents" name="test_student_detail_structure" time="0.126" /><testcase classname="backend.tests.test_mrxakademi.TestStudents" name="test_student_detail_404_for_invalid_id" time="0.128" /><testcase classname="backend.tests.test_mrxakademi.TestStudents" name="test_get_students_no_auth" time="0.120" /><testcase classname="backend.tests.test_mrxakademi.TestPayments" name="test_get_payments_authenticated" time="0.143" /><testcase classname="backend.tests.test_mrxakademi.TestPayments" name="test_get_payments_returns_list" time="0.108" /><testcase classname="backend.tests.test_mrxakademi.TestPayments" name="test_create_payment" time="0.113" /><testcase classname="backend.tests.test_mrxakademi.TestPayments" name="test_payment_persisted_in_db" time="0.110" /><testcase classname="backend.tests.test_mrxakademi.TestPayments" name="test_update_payment" time="0.119" /><testcase classname="backend.tests.test_mrxakademi.TestPayments" name="test_delete_payment" time="0.114" /><testcase classname="backend.tests.test_mrxakademi.TestPayments" name="test_payment_deleted_from_db" time="0.113" /><testcase classname="backend.tests.test_mrxakademi.TestPayments" name="test_payments_no_auth" time="0.108" /><testcase classname="backend.tests.test_mrxakademi.TestContracts" name="test_get_contracts_authenticated" time="0.125" /><testcase classname="backend.tests.test_mrxakademi.TestContracts" name="test_get_contracts_returns_list" time="0.118" /><testcase classname="backend.tests.test_mrxakademi.TestContracts" name="test_create_contract" time="0.117" /><testcase classname="backend.tests.test_mrxakademi.TestContracts" name="test_contract_persisted_in_db" time="0.113" /><testcase classname="backend.tests.test_mrxakademi.TestContracts" name="test_update_contract" time="0.101" /><testcase classname="backend.tests.test_mrxakademi.TestContracts" name="test_delete_contract" time="0.124" /><testcase classname="backend.tests.test_mrxakademi.TestContracts" name="test_contract_deleted_from_db" time="0.116" /><testcase classname="backend.tests.test_mrxakademi.TestContracts" name="test_contracts_no_auth" time="0.096" /><testcase classname="backend.tests.test_mrxakademi.TestFiles" name="test_get_all_files_authenticated" time="0.125" /><testcase classname="backend.tests.test_mrxakademi.TestFiles" name="test_get_all_files_returns_list" time="0.113" /><testcase classname="backend.tests.test_mrxakademi.TestFiles" name="test_add_file_for_student" time="0.125" /><testcase classname="backend.tests.test_mrxakademi.TestFiles" name="test_file_persisted_in_db" time="0.125" /><testcase classname="backend.tests.test_mrxakademi.TestFiles" name="test_delete_file" time="0.124" /><testcase classname="backend.tests.test_mrxakademi.TestFiles" name="test_file_deleted_from_db" time="0.104" /><testcase classname="backend.tests.test_mrxakademi.TestFiles" name="test_files_no_auth" time="0.131" /></testsuite></testsuites>