<?xml version="1.0" encoding="utf-8"?><testsuites name="pytest tests"><testsuite name="pytest" errors="0" failures="0" skipped="0" tests="24" time="4.935" timestamp="2026-04-15T15:41:36.258188+00:00" hostname="agent-env-fbdd0666-5e40-46b0-9632-dbf97a80c2d4"><testcase classname="backend.tests.test_modular_backend.TestAuth" name="test_admin_login_success" time="0.549" /><testcase classname="backend.tests.test_modular_backend.TestAuth" name="test_admin_login_wrong_password" time="0.367" /><testcase classname="backend.tests.test_modular_backend.TestAuth" name="test_user_login_success" time="0.394" /><testcase classname="backend.tests.test_modular_backend.TestAuth" name="test_user_login_wrong_password" time="0.338" /><testcase classname="backend.tests.test_modular_backend.TestProjects" name="test_get_projects" time="0.164" /><testcase classname="backend.tests.test_modular_backend.TestProjects" name="test_get_projects_response_structure" time="0.154" /><testcase classname="backend.tests.test_modular_backend.TestProjects" name="test_get_project_by_id" time="0.360" /><testcase classname="backend.tests.test_modular_backend.TestProjects" name="test_get_mega_projects" time="0.121" /><testcase classname="backend.tests.test_modular_backend.TestPublicContent" name="test_get_packages" time="0.207" /><testcase classname="backend.tests.test_modular_backend.TestPublicContent" name="test_get_education_courses" time="0.160" /><testcase classname="backend.tests.test_modular_backend.TestPublicContent" name="test_get_opportunities" time="0.154" /><testcase classname="backend.tests.test_modular_backend.TestPublicContent" name="test_get_live_streams" time="0.119" /><testcase classname="backend.tests.test_modular_backend.TestPublicContent" name="test_get_land_parcels" time="0.110" /><testcase classname="backend.tests.test_modular_backend.TestAdminEndpoints" name="test_admin_stats" time="0.503" /><testcase classname="backend.tests.test_modular_backend.TestAdminEndpoints" name="test_admin_app_users" time="0.053" /><testcase classname="backend.tests.test_modular_backend.TestAdminEndpoints" name="test_admin_stats_without_token" time="0.116" /><testcase classname="backend.tests.test_modular_backend.TestAdminEndpoints" name="test_admin_app_users_without_token" time="0.118" /><testcase classname="backend.tests.test_modular_backend.TestAdditionalEndpoints" name="test_get_market_data" time="0.147" /><testcase classname="backend.tests.test_modular_backend.TestAdditionalEndpoints" name="test_get_education_live" time="0.102" /><testcase classname="backend.tests.test_modular_backend.TestAdditionalEndpoints" name="test_get_community_posts" time="0.111" /><testcase classname="backend.tests.test_modular_backend.TestAdditionalEndpoints" name="test_get_seo_public" time="0.120" /><testcase classname="backend.tests.test_modular_backend.TestAdditionalEndpoints" name="test_get_supervision_events" time="0.140" /><testcase classname="backend.tests.test_modular_backend.TestAdditionalEndpoints" name="test_toki_compat_endpoint" time="0.140" /><testcase classname="backend.tests.test_modular_backend.TestAdditionalEndpoints" name="test_shared_facilities" time="0.097" /></testsuite></testsuites>