<?xml version="1.0" encoding="utf-8"?><testsuites name="pytest tests"><testsuite name="pytest" errors="0" failures="0" skipped="0" tests="11" time="3.515" timestamp="2026-03-04T02:42:08.660623+00:00" hostname="agent-env-16307ea0-79de-4e0c-bf09-641a9432e73d"><testcase classname="backend.tests.test_auth_user.TestUserRegistration" name="test_register_new_user_success" time="0.494" /><testcase classname="backend.tests.test_auth_user.TestUserRegistration" name="test_register_duplicate_email_returns_400" time="0.196" /><testcase classname="backend.tests.test_auth_user.TestUserRegistration" name="test_register_without_kvkk_validation_happens_at_frontend" time="0.423" /><testcase classname="backend.tests.test_auth_user.TestUserLogin" name="test_login_existing_user_success" time="0.361" /><testcase classname="backend.tests.test_auth_user.TestUserLogin" name="test_login_wrong_password_returns_401" time="0.330" /><testcase classname="backend.tests.test_auth_user.TestUserLogin" name="test_login_nonexistent_email_returns_401" time="0.161" /><testcase classname="backend.tests.test_auth_user.TestUserLogin" name="test_login_newly_registered_user" time="0.340" /><testcase classname="backend.tests.test_auth_user.TestSessionAndMe" name="test_get_me_with_valid_session" time="0.525" /><testcase classname="backend.tests.test_auth_user.TestSessionAndMe" name="test_get_me_without_token_returns_401" time="0.115" /><testcase classname="backend.tests.test_auth_user.TestLogout" name="test_logout_success" time="0.125" /><testcase classname="backend.tests.test_auth_user.TestAdminLogin" name="test_admin_login_success" time="0.382" /></testsuite></testsuites>